3
3
3
3
3
3
3
norman
norman4
norman4
1
3
3
normn2
normn2
12
3
3
norman2
norman2
1
normaasas3
normaasas3
2
julio4
julio4
3
3
3
nooo3
nooo3
1
iknjk4
iknjk4
2
defk6
defk6
3
{"1"=>"nooo3", "2"=>"iknjk4", "3"=>"defk6"}
3
3
fddedf5
fddedf5
1
frefr6
frefr6
2
fdesjkfj7
fdesjkfj7
3
{"1"=>"fddedf5", "2"=>"frefr6", "3"=>"fdesjkfj7"}
3
3
3
ndknfsf6
ndknfsf6
1
sdfdsf8
sdfdsf8
2
fsdfds8
fsdfds8
3
{"1"=>"ndknfsf6", "2"=>"sdfdsf8", "3"=>"fsdfds8"}
3
0
1
3
3
sadhs8
sadhs8
1
sadas9
sadas9
2
dcdc6
dcdc6
3
{"1"=>"sadhs8", "2"=>"sadas9", "3"=>"dcdc6"}
3
a
3
3
csdrfcd7
csdrfcd7
1
dfsdsfsd7
dfsdsfsd7
2
sdfs6
sdfs6
3
{"1"=>"csdrfcd7", "2"=>"dfsdsfsd7", "3"=>"sdfs6"}
3
a
a
3
3
ndec7
ndec7
1
scdsc9
scdsc9
2
sdcdscs02
sdcdscs02
3
{"1"=>"ndec7", "2"=>"scdsc9", "3"=>"sdcdscs02"}
3
b
b
3
3
dscdsc7
dscdsc7
1
cdscs03
cdscs03
2
sdcsdcsd6
sdcsdcsd6
3
{"1"=>"dscdsc7", "2"=>"cdscs03", "3"=>"sdcsdcsd6"}
3
b
b
300
3
3
fvfvfd8
fvfvfd8
1
dsfdsfs7
dsfdsfs7
2
dsfsdfs5
dsfsdfs5
3
{"1"=>"fvfvfd8", "2"=>"dsfdsfs7", "3"=>"dsfsdfs5"}
3
b
b
300
3
3
dcsdcdsc5
dcsdcdsc5
1
dcsdcs5
dcsdcs5
2
dsccdas6
dsccdas6
3
{"1"=>"dcsdcdsc5", "2"=>"dcsdcs5", "3"=>"dsccdas6"}
3
b
b
300
30
3
3
sdasdsad56
sdasdsad56
1
sadsadas5
sadsadas5
2
sadsdsada7
sadsdsada7
3
{"1"=>"sdasdsad56", "2"=>"sadsadas5", "3"=>"sadsdsada7"}
3
b
b
300
30
300cm represent 30 mt

b
